<?xml version="1.0" encoding="UTF-8"?>
<!-- Generated by org.testng.reporters.JUnitXMLReporter -->
<testsuite ignored="6" hostname="DESKTOP-4SB8VJN" failures="0" tests="4" name="Test" time="28.064" errors="0" timestamp="2024-07-04T11:23:47 IST">
  <testcase classname="testCases.Login" name="ValidatelogIn" time="4.319"/>
  <testcase classname="testCases.UnitTestCase" name="Add_units" time="3.578"/>
  <testcase classname="testCases.UnitTestCase" name="search_units" time="2.572"/>
  <testcase classname="testCases.UnitTestCase" name="deleteUnits" time="6.3"/>
  <testcase classname="automationCore.BasePage" name="@AfterSuite afterSuite" time="0.0">
    <ignored/>
  </testcase> <!-- @AfterSuite afterSuite -->
  <testcase classname="automationCore.BasePage" name="@BeforeTest beforeTest" time="0.0">
    <ignored/>
  </testcase> <!-- @BeforeTest beforeTest -->
  <testcase classname="automationCore.BasePage" name="@BeforeSuite beforeSuite" time="0.0">
    <ignored/>
  </testcase> <!-- @BeforeSuite beforeSuite -->
  <testcase classname="testCases.UnitTestCase" name="logIn" time="0.0">
    <ignored/>
  </testcase> <!-- logIn -->
  <testcase classname="testCases.Login" name="InvalidlogIn" time="0.0">
    <ignored/>
  </testcase> <!-- InvalidlogIn -->
  <testcase classname="automationCore.BasePage" name="@AfterTest afterTest" time="0.0">
    <ignored/>
  </testcase> <!-- @AfterTest afterTest -->
</testsuite> <!-- Test -->
