<?xml version="1.0" encoding="UTF-8"?>
<!-- Generated by org.testng.reporters.JUnitXMLReporter -->
<testsuite ignored="0" hostname="DESKTOP-4SB8VJN" failures="0" tests="4" name="Test2" time="36.357" errors="0" timestamp="2024-07-05T11:01:24 IST">
  <testcase classname="testCases.UnitTestCase" name="logIn" time="7.86"/>
  <testcase classname="testCases.UnitTestCase" name="Add_units" time="4.229"/>
  <testcase classname="testCases.UnitTestCase" name="search_units" time="2.954"/>
  <testcase classname="testCases.UnitTestCase" name="deleteUnits" time="6.027"/>
</testsuite> <!-- Test2 -->
